D:\14-3D摄像机方案\OPENCV-IP-SAMPLE\OPENCV2.4.11-STITCHING\DEBUG\OPENCV2.4.11-STITCHING.EXE
D:\14-3D摄像机方案\OPENCV-IP-SAMPLE\OPENCV2.4.11-STITCHING\DEBUG\OPENCV2.4.11-STITCHING.ILK
D:\14-3D摄像机方案\OPENCV-IP-SAMPLE\OPENCV2.4.11-STITCHING\DEBUG\OPENCV2.4.11-STITCHING.PDB
D:\14-3D摄像机方案\OPENCV-IP-SAMPLE\OPENCV2.4.11-STITCHING\OPENCV2.4.11-STITCHING\DEBUG\AUTOCALIB.OBJ
D:\14-3D摄像机方案\OPENCV-IP-SAMPLE\OPENCV2.4.11-STITCHING\OPENCV2.4.11-STITCHING\DEBUG\BLENDERS.OBJ
D:\14-3D摄像机方案\OPENCV-IP-SAMPLE\OPENCV2.4.11-STITCHING\OPENCV2.4.11-STITCHING\DEBUG\CAMERA.OBJ
D:\14-3D摄像机方案\opencv-ip-sample\OpenCV2.4.11-Stitching\OpenCV2.4.11-Stitching\Debug\cl.command.1.tlog
D:\14-3D摄像机方案\opencv-ip-sample\OpenCV2.4.11-Stitching\OpenCV2.4.11-Stitching\Debug\CL.read.1.tlog
D:\14-3D摄像机方案\opencv-ip-sample\OpenCV2.4.11-Stitching\OpenCV2.4.11-Stitching\Debug\CL.write.1.tlog
D:\14-3D摄像机方案\OPENCV-IP-SAMPLE\OPENCV2.4.11-STITCHING\OPENCV2.4.11-STITCHING\DEBUG\EXPOSURE_COMPENSATE.OBJ
D:\14-3D摄像机方案\opencv-ip-sample\OpenCV2.4.11-Stitching\OpenCV2.4.11-Stitching\Debug\link.9156.read.1.tlog
D:\14-3D摄像机方案\opencv-ip-sample\OpenCV2.4.11-Stitching\OpenCV2.4.11-Stitching\Debug\link.9156.write.1.tlog
D:\14-3D摄像机方案\opencv-ip-sample\OpenCV2.4.11-Stitching\OpenCV2.4.11-Stitching\Debug\link.9156-cvtres.read.1.tlog
D:\14-3D摄像机方案\opencv-ip-sample\OpenCV2.4.11-Stitching\OpenCV2.4.11-Stitching\Debug\link.9156-cvtres.write.1.tlog
D:\14-3D摄像机方案\opencv-ip-sample\OpenCV2.4.11-Stitching\OpenCV2.4.11-Stitching\Debug\link.command.1.tlog
D:\14-3D摄像机方案\opencv-ip-sample\OpenCV2.4.11-Stitching\OpenCV2.4.11-Stitching\Debug\link.read.1.tlog
D:\14-3D摄像机方案\opencv-ip-sample\OpenCV2.4.11-Stitching\OpenCV2.4.11-Stitching\Debug\link.write.1.tlog
D:\14-3D摄像机方案\opencv-ip-sample\OpenCV2.4.11-Stitching\OpenCV2.4.11-Stitching\Debug\link-cvtres.read.1.tlog
D:\14-3D摄像机方案\opencv-ip-sample\OpenCV2.4.11-Stitching\OpenCV2.4.11-Stitching\Debug\link-cvtres.write.1.tlog
D:\14-3D摄像机方案\OPENCV-IP-SAMPLE\OPENCV2.4.11-STITCHING\OPENCV2.4.11-STITCHING\DEBUG\MATCHERS.OBJ
D:\14-3D摄像机方案\OPENCV-IP-SAMPLE\OPENCV2.4.11-STITCHING\OPENCV2.4.11-STITCHING\DEBUG\MOTION_ESTIMATORS.OBJ
D:\14-3D摄像机方案\opencv-ip-sample\OpenCV2.4.11-Stitching\OpenCV2.4.11-Stitching\Debug\mt.command.1.tlog
D:\14-3D摄像机方案\opencv-ip-sample\OpenCV2.4.11-Stitching\OpenCV2.4.11-Stitching\Debug\mt.read.1.tlog
D:\14-3D摄像机方案\opencv-ip-sample\OpenCV2.4.11-Stitching\OpenCV2.4.11-Stitching\Debug\mt.write.1.tlog
D:\14-3D摄像机方案\OPENCV-IP-SAMPLE\OPENCV2.4.11-STITCHING\OPENCV2.4.11-STITCHING\DEBUG\OPENCV2.4.11-STITCHING.EXE.EMBED.MANIFEST
D:\14-3D摄像机方案\OPENCV-IP-SAMPLE\OPENCV2.4.11-STITCHING\OPENCV2.4.11-STITCHING\DEBUG\OPENCV2.4.11-STITCHING.EXE.EMBED.MANIFEST.RES
D:\14-3D摄像机方案\OPENCV-IP-SAMPLE\OPENCV2.4.11-STITCHING\OPENCV2.4.11-STITCHING\DEBUG\OPENCV2.4.11-STITCHING.EXE.INTERMEDIATE.MANIFEST
D:\14-3D摄像机方案\opencv-ip-sample\OpenCV2.4.11-Stitching\OpenCV2.4.11-Stitching\Debug\OpenCV2.4.11-Stitching_manifest.rc
D:\14-3D摄像机方案\opencv-ip-sample\OpenCV2.4.11-Stitching\OpenCV2.4.11-Stitching\Debug\rc.command.1.tlog
D:\14-3D摄像机方案\opencv-ip-sample\OpenCV2.4.11-Stitching\OpenCV2.4.11-Stitching\Debug\rc.read.1.tlog
D:\14-3D摄像机方案\opencv-ip-sample\OpenCV2.4.11-Stitching\OpenCV2.4.11-Stitching\Debug\rc.write.1.tlog
D:\14-3D摄像机方案\OPENCV-IP-SAMPLE\OPENCV2.4.11-STITCHING\OPENCV2.4.11-STITCHING\DEBUG\SEAM_FINDERS.OBJ
D:\14-3D摄像机方案\OPENCV-IP-SAMPLE\OPENCV2.4.11-STITCHING\OPENCV2.4.11-STITCHING\DEBUG\STITCHER.OBJ
D:\14-3D摄像机方案\OPENCV-IP-SAMPLE\OPENCV2.4.11-STITCHING\OPENCV2.4.11-STITCHING\DEBUG\STITCHING_DETAILED.OBJ
D:\14-3D摄像机方案\OPENCV-IP-SAMPLE\OPENCV2.4.11-STITCHING\OPENCV2.4.11-STITCHING\DEBUG\UTIL.OBJ
D:\14-3D摄像机方案\opencv-ip-sample\OpenCV2.4.11-Stitching\OpenCV2.4.11-Stitching\Debug\vc100.idb
D:\14-3D摄像机方案\OPENCV-IP-SAMPLE\OPENCV2.4.11-STITCHING\OPENCV2.4.11-STITCHING\DEBUG\VC100.PDB
D:\14-3D摄像机方案\OPENCV-IP-SAMPLE\OPENCV2.4.11-STITCHING\OPENCV2.4.11-STITCHING\DEBUG\WARPERS.OBJ
