D:\14-3D摄像机方案\OPENCV-IP-SAMPLE\OPENCV2.4.11-STITCHING-64BIT\OPENCV2.4.11-STITCHING\X64\RELEASE\AUTOCALIB.OBJ
D:\14-3D摄像机方案\OPENCV-IP-SAMPLE\OPENCV2.4.11-STITCHING-64BIT\OPENCV2.4.11-STITCHING\X64\RELEASE\BLENDERS.OBJ
D:\14-3D摄像机方案\OPENCV-IP-SAMPLE\OPENCV2.4.11-STITCHING-64BIT\OPENCV2.4.11-STITCHING\X64\RELEASE\CAMERA.OBJ
D:\14-3D摄像机方案\opencv-ip-sample\OpenCV2.4.11-Stitching-64bit\OpenCV2.4.11-Stitching\x64\Release\cl.command.1.tlog
D:\14-3D摄像机方案\opencv-ip-sample\OpenCV2.4.11-Stitching-64bit\OpenCV2.4.11-Stitching\x64\Release\CL.read.1.tlog
D:\14-3D摄像机方案\opencv-ip-sample\OpenCV2.4.11-Stitching-64bit\OpenCV2.4.11-Stitching\x64\Release\CL.write.1.tlog
D:\14-3D摄像机方案\OPENCV-IP-SAMPLE\OPENCV2.4.11-STITCHING-64BIT\OPENCV2.4.11-STITCHING\X64\RELEASE\EXPOSURE_COMPENSATE.OBJ
D:\14-3D摄像机方案\opencv-ip-sample\OpenCV2.4.11-Stitching-64bit\OpenCV2.4.11-Stitching\x64\Release\link.command.1.tlog
D:\14-3D摄像机方案\opencv-ip-sample\OpenCV2.4.11-Stitching-64bit\OpenCV2.4.11-Stitching\x64\Release\link.read.1.tlog
D:\14-3D摄像机方案\opencv-ip-sample\OpenCV2.4.11-Stitching-64bit\OpenCV2.4.11-Stitching\x64\Release\link.write.1.tlog
D:\14-3D摄像机方案\OPENCV-IP-SAMPLE\OPENCV2.4.11-STITCHING-64BIT\OPENCV2.4.11-STITCHING\X64\RELEASE\MATCHERS.OBJ
D:\14-3D摄像机方案\OPENCV-IP-SAMPLE\OPENCV2.4.11-STITCHING-64BIT\OPENCV2.4.11-STITCHING\X64\RELEASE\MOTION_ESTIMATORS.OBJ
D:\14-3D摄像机方案\opencv-ip-sample\OpenCV2.4.11-Stitching-64bit\OpenCV2.4.11-Stitching\x64\Release\mt.command.1.tlog
D:\14-3D摄像机方案\opencv-ip-sample\OpenCV2.4.11-Stitching-64bit\OpenCV2.4.11-Stitching\x64\Release\mt.read.1.tlog
D:\14-3D摄像机方案\opencv-ip-sample\OpenCV2.4.11-Stitching-64bit\OpenCV2.4.11-Stitching\x64\Release\mt.write.1.tlog
D:\14-3D摄像机方案\OPENCV-IP-SAMPLE\OPENCV2.4.11-STITCHING-64BIT\OPENCV2.4.11-STITCHING\X64\RELEASE\OPENCV2.4.11-STITCHING.EXE.INTERMEDIATE.MANIFEST
D:\14-3D摄像机方案\OPENCV-IP-SAMPLE\OPENCV2.4.11-STITCHING-64BIT\OPENCV2.4.11-STITCHING\X64\RELEASE\SEAM_FINDERS.OBJ
D:\14-3D摄像机方案\OPENCV-IP-SAMPLE\OPENCV2.4.11-STITCHING-64BIT\OPENCV2.4.11-STITCHING\X64\RELEASE\STITCHER.OBJ
D:\14-3D摄像机方案\OPENCV-IP-SAMPLE\OPENCV2.4.11-STITCHING-64BIT\OPENCV2.4.11-STITCHING\X64\RELEASE\STITCHING_DETAILED.OBJ
D:\14-3D摄像机方案\OPENCV-IP-SAMPLE\OPENCV2.4.11-STITCHING-64BIT\OPENCV2.4.11-STITCHING\X64\RELEASE\STITCHING_SHAREMEM.OBJ
D:\14-3D摄像机方案\OPENCV-IP-SAMPLE\OPENCV2.4.11-STITCHING-64BIT\OPENCV2.4.11-STITCHING\X64\RELEASE\UTIL.OBJ
D:\14-3D摄像机方案\OPENCV-IP-SAMPLE\OPENCV2.4.11-STITCHING-64BIT\OPENCV2.4.11-STITCHING\X64\RELEASE\VC100.PDB
D:\14-3D摄像机方案\OPENCV-IP-SAMPLE\OPENCV2.4.11-STITCHING-64BIT\OPENCV2.4.11-STITCHING\X64\RELEASE\WARPERS.OBJ
D:\14-3D摄像机方案\OPENCV-IP-SAMPLE\OPENCV2.4.11-STITCHING-64BIT\X64\RELEASE\OPENCV2.4.11-STITCHING.EXE
D:\14-3D摄像机方案\OPENCV-IP-SAMPLE\OPENCV2.4.11-STITCHING-64BIT\X64\RELEASE\OPENCV2.4.11-STITCHING.PDB
