D:\14-3D摄像机方案\OPENCV-IP-SAMPLE\OPENCV2.4.11-STITCHING\OPENCV2.4.11-STITCHING\RELEASE\AUTOCALIB.OBJ
D:\14-3D摄像机方案\OPENCV-IP-SAMPLE\OPENCV2.4.11-STITCHING\OPENCV2.4.11-STITCHING\RELEASE\BLENDERS.OBJ
D:\14-3D摄像机方案\OPENCV-IP-SAMPLE\OPENCV2.4.11-STITCHING\OPENCV2.4.11-STITCHING\RELEASE\CAMERA.OBJ
D:\14-3D摄像机方案\opencv-ip-sample\OpenCV2.4.11-Stitching\OpenCV2.4.11-Stitching\Release\cl.command.1.tlog
D:\14-3D摄像机方案\opencv-ip-sample\OpenCV2.4.11-Stitching\OpenCV2.4.11-Stitching\Release\CL.read.1.tlog
D:\14-3D摄像机方案\opencv-ip-sample\OpenCV2.4.11-Stitching\OpenCV2.4.11-Stitching\Release\CL.write.1.tlog
D:\14-3D摄像机方案\OPENCV-IP-SAMPLE\OPENCV2.4.11-STITCHING\OPENCV2.4.11-STITCHING\RELEASE\EXPOSURE_COMPENSATE.OBJ
D:\14-3D摄像机方案\opencv-ip-sample\OpenCV2.4.11-Stitching\OpenCV2.4.11-Stitching\Release\link.command.1.tlog
D:\14-3D摄像机方案\opencv-ip-sample\OpenCV2.4.11-Stitching\OpenCV2.4.11-Stitching\Release\link.read.1.tlog
D:\14-3D摄像机方案\opencv-ip-sample\OpenCV2.4.11-Stitching\OpenCV2.4.11-Stitching\Release\link.write.1.tlog
D:\14-3D摄像机方案\OPENCV-IP-SAMPLE\OPENCV2.4.11-STITCHING\OPENCV2.4.11-STITCHING\RELEASE\MATCHERS.OBJ
D:\14-3D摄像机方案\OPENCV-IP-SAMPLE\OPENCV2.4.11-STITCHING\OPENCV2.4.11-STITCHING\RELEASE\MOTION_ESTIMATORS.OBJ
D:\14-3D摄像机方案\opencv-ip-sample\OpenCV2.4.11-Stitching\OpenCV2.4.11-Stitching\Release\mt.command.1.tlog
D:\14-3D摄像机方案\opencv-ip-sample\OpenCV2.4.11-Stitching\OpenCV2.4.11-Stitching\Release\mt.read.1.tlog
D:\14-3D摄像机方案\opencv-ip-sample\OpenCV2.4.11-Stitching\OpenCV2.4.11-Stitching\Release\mt.write.1.tlog
D:\14-3D摄像机方案\OPENCV-IP-SAMPLE\OPENCV2.4.11-STITCHING\OPENCV2.4.11-STITCHING\RELEASE\OPENCV2.4.11-STITCHING.EXE.INTERMEDIATE.MANIFEST
D:\14-3D摄像机方案\OPENCV-IP-SAMPLE\OPENCV2.4.11-STITCHING\OPENCV2.4.11-STITCHING\RELEASE\SEAM_FINDERS.OBJ
D:\14-3D摄像机方案\OPENCV-IP-SAMPLE\OPENCV2.4.11-STITCHING\OPENCV2.4.11-STITCHING\RELEASE\STITCHER.OBJ
D:\14-3D摄像机方案\OPENCV-IP-SAMPLE\OPENCV2.4.11-STITCHING\OPENCV2.4.11-STITCHING\RELEASE\STITCHING_DETAILED.OBJ
D:\14-3D摄像机方案\OPENCV-IP-SAMPLE\OPENCV2.4.11-STITCHING\OPENCV2.4.11-STITCHING\RELEASE\UTIL.OBJ
D:\14-3D摄像机方案\OPENCV-IP-SAMPLE\OPENCV2.4.11-STITCHING\OPENCV2.4.11-STITCHING\RELEASE\VC100.PDB
D:\14-3D摄像机方案\OPENCV-IP-SAMPLE\OPENCV2.4.11-STITCHING\OPENCV2.4.11-STITCHING\RELEASE\WARPERS.OBJ
D:\14-3D摄像机方案\OPENCV-IP-SAMPLE\OPENCV2.4.11-STITCHING\RELEASE\OPENCV2.4.11-STITCHING.EXE
D:\14-3D摄像机方案\OPENCV-IP-SAMPLE\OPENCV2.4.11-STITCHING\RELEASE\OPENCV2.4.11-STITCHING.PDB
