Build started 2016/3/23 22:50:20.
     1>Project "D:\14-3D摄像机方案\opencv-ip-sample\OpenCV2.4.11-Stitching\OpenCV2.4.11-Stitching\OpenCV2.4.11-Stitching.vcxproj" on node 2 (rebuild target(s)).
     1>_PrepareForClean:
         Deleting file "Release\OpenCV2.4.11-Stitching.lastbuildstate".
       InitializeBuildStatus:
         Creating "Release\OpenCV2.4.11-Stitching.unsuccessfulbuild" because "AlwaysCreate" was specified.
       ClCompile:
         D:\Program Files (x86)\Microsoft Visual Studio 10.0\VC\bin\CL.exe /c /Zi /nologo /W3 /WX- /O2 /Oi /Oy- /GL /D NOMINMAX /D WIN32 /D NDEBUG /D _CONSOLE /D _UNICODE /D UNICODE /Gm- /EHsc /MD /GS /Gy /fp:precise /Zc:wchar_t /Zc:forScope /Fo"Release\\" /Fd"Release\vc100.pdb" /Gd /TP /analyze- /errorReport:prompt src\autocalib.cpp src\blenders.cpp src\camera.cpp src\exposure_compensate.cpp src\matchers.cpp src\motion_estimators.cpp src\seam_finders.cpp src\stitcher.cpp src\util.cpp src\warpers.cpp stitching_detailed.cpp
         autocalib.cpp
     1>D:\14-3D摄像机方案\OpenCV\OpenCV2.4.11\build\include\opencv2/gpu/gpu.hpp(1821): warning C4819: The file contains a character that cannot be represented in the current code page (936). Save the file in Unicode format to prevent data loss
         blenders.cpp
     1>D:\14-3D摄像机方案\OpenCV\OpenCV2.4.11\build\include\opencv2/gpu/gpu.hpp(1821): warning C4819: The file contains a character that cannot be represented in the current code page (936). Save the file in Unicode format to prevent data loss
         camera.cpp
     1>D:\14-3D摄像机方案\OpenCV\OpenCV2.4.11\build\include\opencv2/gpu/gpu.hpp(1821): warning C4819: The file contains a character that cannot be represented in the current code page (936). Save the file in Unicode format to prevent data loss
         exposure_compensate.cpp
     1>D:\14-3D摄像机方案\OpenCV\OpenCV2.4.11\build\include\opencv2/gpu/gpu.hpp(1821): warning C4819: The file contains a character that cannot be represented in the current code page (936). Save the file in Unicode format to prevent data loss
         matchers.cpp
     1>D:\14-3D摄像机方案\OpenCV\OpenCV2.4.11\build\include\opencv2/gpu/gpu.hpp(1821): warning C4819: The file contains a character that cannot be represented in the current code page (936). Save the file in Unicode format to prevent data loss
         motion_estimators.cpp
     1>D:\14-3D摄像机方案\OpenCV\OpenCV2.4.11\build\include\opencv2/gpu/gpu.hpp(1821): warning C4819: The file contains a character that cannot be represented in the current code page (936). Save the file in Unicode format to prevent data loss
         seam_finders.cpp
     1>D:\14-3D摄像机方案\OpenCV\OpenCV2.4.11\build\include\opencv2/gpu/gpu.hpp(1821): warning C4819: The file contains a character that cannot be represented in the current code page (936). Save the file in Unicode format to prevent data loss
         stitcher.cpp
     1>D:\14-3D摄像机方案\OpenCV\OpenCV2.4.11\build\include\opencv2/gpu/gpu.hpp(1821): warning C4819: The file contains a character that cannot be represented in the current code page (936). Save the file in Unicode format to prevent data loss
         util.cpp
     1>D:\14-3D摄像机方案\OpenCV\OpenCV2.4.11\build\include\opencv2/gpu/gpu.hpp(1821): warning C4819: The file contains a character that cannot be represented in the current code page (936). Save the file in Unicode format to prevent data loss
         warpers.cpp
     1>D:\14-3D摄像机方案\OpenCV\OpenCV2.4.11\build\include\opencv2/gpu/gpu.hpp(1821): warning C4819: The file contains a character that cannot be represented in the current code page (936). Save the file in Unicode format to prevent data loss
         stitching_detailed.cpp
     1>stitching_detailed.cpp(227): warning C4244: 'argument' : conversion from 'float' to 'unsigned int', possible loss of data
     1>stitching_detailed.cpp(864): warning C4244: '=' : conversion from 'int64' to 'float', possible loss of data
     1>stitching_detailed.cpp(868): warning C4244: '=' : conversion from 'int64' to 'float', possible loss of data
     1>stitching_detailed.cpp(871): warning C4244: '+=' : conversion from 'double' to 'float', possible loss of data
     1>stitching_detailed.cpp(875): warning C4244: '=' : conversion from 'int64' to 'float', possible loss of data
     1>stitching_detailed.cpp(877): warning C4244: '+=' : conversion from 'double' to 'float', possible loss of data
     1>stitching_detailed.cpp(878): warning C4996: 'sprintf': This function or variable may be unsafe. Consider using sprintf_s instead. To disable deprecation, use _CRT_SECURE_NO_WARNINGS. See online help for details.
                 D:\Program Files (x86)\Microsoft Visual Studio 10.0\VC\include\stdio.h(371) : see declaration of 'sprintf'
       Link:
         D:\Program Files (x86)\Microsoft Visual Studio 10.0\VC\bin\link.exe /ERRORREPORT:PROMPT /OUT:"D:\14-3D摄像机方案\opencv-ip-sample\OpenCV2.4.11-Stitching\Release\OpenCV2.4.11-Stitching.exe" /INCREMENTAL:NO /NOLOGO opencv_calib3d2411.lib opencv_contrib2411.lib opencv_core2411.lib opencv_features2d2411.lib opencv_flann2411.lib opencv_gpu2411.lib opencv_highgui2411.lib opencv_imgproc2411.lib opencv_legacy2411.lib opencv_ml2411.lib opencv_objdetect2411.lib opencv_ts2411.lib opencv_video2411.lib opencv_nonfree2411.lib opencv_ocl2411.lib opencv_photo2411.lib opencv_stitching2411.lib opencv_superres2411.lib opencv_videostab2411.lib libvlc.lib libvlccore.lib kernel32.lib user32.lib gdi32.lib winspool.lib comdlg32.lib advapi32.lib shell32.lib ole32.lib oleaut32.lib uuid.lib odbc32.lib odbccp32.lib /MANIFEST /ManifestFile:"Release\OpenCV2.4.11-Stitching.exe.intermediate.manifest" /MANIFESTUAC:"level='asInvoker' uiAccess='false'" /DEBUG /PDB:"D:\14-3D摄像机方案\opencv-ip-sample\OpenCV2.4.11-Stitching\Release\OpenCV2.4.11-Stitching.pdb" /SUBSYSTEM:CONSOLE /OPT:REF /OPT:ICF /LTCG /TLBID:1 /DYNAMICBASE /NXCOMPAT /IMPLIB:"D:\14-3D摄像机方案\opencv-ip-sample\OpenCV2.4.11-Stitching\Release\OpenCV2.4.11-Stitching.lib" /MACHINE:X86 Release\autocalib.obj
         Release\blenders.obj
         Release\camera.obj
         Release\exposure_compensate.obj
         Release\matchers.obj
         Release\motion_estimators.obj
         Release\seam_finders.obj
         Release\stitcher.obj
         Release\util.obj
         Release\warpers.obj
         Release\stitching_detailed.obj
         Generating code
         Finished generating code
         OpenCV2.4.11-Stitching.vcxproj -> D:\14-3D摄像机方案\opencv-ip-sample\OpenCV2.4.11-Stitching\Release\OpenCV2.4.11-Stitching.exe
       Manifest:
         C:\Program Files (x86)\Microsoft SDKs\Windows\v7.0A\bin\mt.exe /nologo /verbose /outputresource:"D:\14-3D摄像机方案\opencv-ip-sample\OpenCV2.4.11-Stitching\Release\OpenCV2.4.11-Stitching.exe;#1" /manifest "Release\OpenCV2.4.11-Stitching.exe.intermediate.manifest"
       FinalizeBuildStatus:
         Deleting file "Release\OpenCV2.4.11-Stitching.unsuccessfulbuild".
         Touching "Release\OpenCV2.4.11-Stitching.lastbuildstate".
     1>Done Building Project "D:\14-3D摄像机方案\opencv-ip-sample\OpenCV2.4.11-Stitching\OpenCV2.4.11-Stitching\OpenCV2.4.11-Stitching.vcxproj" (rebuild target(s)).

Build succeeded.

Time Elapsed 00:00:23.33
