D:\14-3D摄像机方案\OPENCV-IP-SAMPLE\OPENCV2.4.11-STITCHING-64BIT\OPENCV2.4.11-STITCHING\X64\DEBUG\AUTOCALIB.OBJ
D:\14-3D摄像机方案\OPENCV-IP-SAMPLE\OPENCV2.4.11-STITCHING-64BIT\OPENCV2.4.11-STITCHING\X64\DEBUG\BLENDERS.OBJ
D:\14-3D摄像机方案\OPENCV-IP-SAMPLE\OPENCV2.4.11-STITCHING-64BIT\OPENCV2.4.11-STITCHING\X64\DEBUG\CAMERA.OBJ
D:\14-3D摄像机方案\opencv-ip-sample\OpenCV2.4.11-Stitching-64bit\OpenCV2.4.11-Stitching\x64\Debug\cl.command.1.tlog
D:\14-3D摄像机方案\opencv-ip-sample\OpenCV2.4.11-Stitching-64bit\OpenCV2.4.11-Stitching\x64\Debug\CL.read.1.tlog
D:\14-3D摄像机方案\opencv-ip-sample\OpenCV2.4.11-Stitching-64bit\OpenCV2.4.11-Stitching\x64\Debug\CL.write.1.tlog
D:\14-3D摄像机方案\OPENCV-IP-SAMPLE\OPENCV2.4.11-STITCHING-64BIT\OPENCV2.4.11-STITCHING\X64\DEBUG\EXPOSURE_COMPENSATE.OBJ
D:\14-3D摄像机方案\opencv-ip-sample\OpenCV2.4.11-Stitching-64bit\OpenCV2.4.11-Stitching\x64\Debug\link.4960.read.1.tlog
D:\14-3D摄像机方案\opencv-ip-sample\OpenCV2.4.11-Stitching-64bit\OpenCV2.4.11-Stitching\x64\Debug\link.4960.write.1.tlog
D:\14-3D摄像机方案\opencv-ip-sample\OpenCV2.4.11-Stitching-64bit\OpenCV2.4.11-Stitching\x64\Debug\link.4960-cvtres.read.1.tlog
D:\14-3D摄像机方案\opencv-ip-sample\OpenCV2.4.11-Stitching-64bit\OpenCV2.4.11-Stitching\x64\Debug\link.4960-cvtres.write.1.tlog
D:\14-3D摄像机方案\opencv-ip-sample\OpenCV2.4.11-Stitching-64bit\OpenCV2.4.11-Stitching\x64\Debug\link.command.1.tlog
D:\14-3D摄像机方案\opencv-ip-sample\OpenCV2.4.11-Stitching-64bit\OpenCV2.4.11-Stitching\x64\Debug\link.read.1.tlog
D:\14-3D摄像机方案\opencv-ip-sample\OpenCV2.4.11-Stitching-64bit\OpenCV2.4.11-Stitching\x64\Debug\link.write.1.tlog
D:\14-3D摄像机方案\opencv-ip-sample\OpenCV2.4.11-Stitching-64bit\OpenCV2.4.11-Stitching\x64\Debug\link-cvtres.read.1.tlog
D:\14-3D摄像机方案\opencv-ip-sample\OpenCV2.4.11-Stitching-64bit\OpenCV2.4.11-Stitching\x64\Debug\link-cvtres.write.1.tlog
D:\14-3D摄像机方案\OPENCV-IP-SAMPLE\OPENCV2.4.11-STITCHING-64BIT\OPENCV2.4.11-STITCHING\X64\DEBUG\MATCHERS.OBJ
D:\14-3D摄像机方案\OPENCV-IP-SAMPLE\OPENCV2.4.11-STITCHING-64BIT\OPENCV2.4.11-STITCHING\X64\DEBUG\MOTION_ESTIMATORS.OBJ
D:\14-3D摄像机方案\opencv-ip-sample\OpenCV2.4.11-Stitching-64bit\OpenCV2.4.11-Stitching\x64\Debug\mt.command.1.tlog
D:\14-3D摄像机方案\opencv-ip-sample\OpenCV2.4.11-Stitching-64bit\OpenCV2.4.11-Stitching\x64\Debug\mt.read.1.tlog
D:\14-3D摄像机方案\opencv-ip-sample\OpenCV2.4.11-Stitching-64bit\OpenCV2.4.11-Stitching\x64\Debug\mt.write.1.tlog
D:\14-3D摄像机方案\OPENCV-IP-SAMPLE\OPENCV2.4.11-STITCHING-64BIT\OPENCV2.4.11-STITCHING\X64\DEBUG\OPENCV2.4.11-STITCHING.EXE.EMBED.MANIFEST
D:\14-3D摄像机方案\OPENCV-IP-SAMPLE\OPENCV2.4.11-STITCHING-64BIT\OPENCV2.4.11-STITCHING\X64\DEBUG\OPENCV2.4.11-STITCHING.EXE.EMBED.MANIFEST.RES
D:\14-3D摄像机方案\OPENCV-IP-SAMPLE\OPENCV2.4.11-STITCHING-64BIT\OPENCV2.4.11-STITCHING\X64\DEBUG\OPENCV2.4.11-STITCHING.EXE.INTERMEDIATE.MANIFEST
D:\14-3D摄像机方案\opencv-ip-sample\OpenCV2.4.11-Stitching-64bit\OpenCV2.4.11-Stitching\x64\Debug\OpenCV2.4.11-Stitching_manifest.rc
D:\14-3D摄像机方案\opencv-ip-sample\OpenCV2.4.11-Stitching-64bit\OpenCV2.4.11-Stitching\x64\Debug\rc.command.1.tlog
D:\14-3D摄像机方案\opencv-ip-sample\OpenCV2.4.11-Stitching-64bit\OpenCV2.4.11-Stitching\x64\Debug\rc.read.1.tlog
D:\14-3D摄像机方案\opencv-ip-sample\OpenCV2.4.11-Stitching-64bit\OpenCV2.4.11-Stitching\x64\Debug\rc.write.1.tlog
D:\14-3D摄像机方案\OPENCV-IP-SAMPLE\OPENCV2.4.11-STITCHING-64BIT\OPENCV2.4.11-STITCHING\X64\DEBUG\SEAM_FINDERS.OBJ
D:\14-3D摄像机方案\OPENCV-IP-SAMPLE\OPENCV2.4.11-STITCHING-64BIT\OPENCV2.4.11-STITCHING\X64\DEBUG\STITCHER.OBJ
D:\14-3D摄像机方案\OPENCV-IP-SAMPLE\OPENCV2.4.11-STITCHING-64BIT\OPENCV2.4.11-STITCHING\X64\DEBUG\STITCHING_DETAILED.OBJ
D:\14-3D摄像机方案\OPENCV-IP-SAMPLE\OPENCV2.4.11-STITCHING-64BIT\OPENCV2.4.11-STITCHING\X64\DEBUG\STITCHING_SHAREMEM.OBJ
D:\14-3D摄像机方案\OPENCV-IP-SAMPLE\OPENCV2.4.11-STITCHING-64BIT\OPENCV2.4.11-STITCHING\X64\DEBUG\UTIL.OBJ
D:\14-3D摄像机方案\opencv-ip-sample\OpenCV2.4.11-Stitching-64bit\OpenCV2.4.11-Stitching\x64\Debug\vc100.idb
D:\14-3D摄像机方案\OPENCV-IP-SAMPLE\OPENCV2.4.11-STITCHING-64BIT\OPENCV2.4.11-STITCHING\X64\DEBUG\VC100.PDB
D:\14-3D摄像机方案\OPENCV-IP-SAMPLE\OPENCV2.4.11-STITCHING-64BIT\OPENCV2.4.11-STITCHING\X64\DEBUG\WARPERS.OBJ
D:\14-3D摄像机方案\OPENCV-IP-SAMPLE\OPENCV2.4.11-STITCHING-64BIT\X64\DEBUG\OPENCV2.4.11-STITCHING.EXE
D:\14-3D摄像机方案\OPENCV-IP-SAMPLE\OPENCV2.4.11-STITCHING-64BIT\X64\DEBUG\OPENCV2.4.11-STITCHING.ILK
D:\14-3D摄像机方案\OPENCV-IP-SAMPLE\OPENCV2.4.11-STITCHING-64BIT\X64\DEBUG\OPENCV2.4.11-STITCHING.PDB
